<?xml version="1.0" encoding="UTF-8"?>
<testsuite name="BookTest" tests="1" skipped="0" failures="0" errors="0" timestamp="2018-12-10T08:39:41" hostname="ClaudiJason20" time="0.004">
  <properties/>
  <testcase name="BookIsEmpty" classname="BookTest" time="0.004"/>
  <system-out><![CDATA[]]></system-out>
  <system-err><![CDATA[]]></system-err>
</testsuite>
